<?xml version="1.0" encoding="UTF-8"?>
<!-- Generated by org.testng.reporters.JUnitXMLReporter -->
<testsuite ignored="0" hostname="DESKTOP-7I4U2KQ" failures="0" tests="4" name="Default test" time="84.036" errors="0" timestamp="2022-07-23T15:53:23 IST">
  <testcase classname="comSauceDemoTestClasses.BaseClass2" name="Verifylogin" time="0.045"/>
  <testcase classname="comSauceDemoTestClasses.BaseClass2" name="Addtocart" time="8.501"/>
  <testcase classname="comSauceDemoTestClasses.BaseClass2" name="information" time="15.277"/>
  <testcase classname="comSauceDemoTestClasses.BaseClass2" name="checkout" time="17.274"/>
</testsuite> <!-- Default test -->
