<?xml version="1.0" encoding="UTF-8"?>
<!-- Generated by org.testng.reporters.JUnitXMLReporter -->
<testsuite ignored="0" hostname="DESKTOP-7I4U2KQ" failures="0" tests="4" name="Default test" time="91.029" errors="0" timestamp="2022-05-13T13:54:56 IST">
  <testcase classname="comSauceDemoTestClasses.BaseClass2" name="Verifylogin" time="0.079"/>
  <testcase classname="comSauceDemoTestClasses.BaseClass2" name="Addtocart" time="8.53"/>
  <testcase classname="comSauceDemoTestClasses.BaseClass2" name="information" time="15.345"/>
  <testcase classname="comSauceDemoTestClasses.BaseClass2" name="checkout" time="17.458"/>
</testsuite> <!-- Default test -->
