<?xml version="1.0" encoding="UTF-8"?>
<!-- Generated by org.testng.reporters.JUnitXMLReporter -->
<testsuite ignored="0" hostname="DESKTOP-7I4U2KQ" failures="0" tests="4" name="chromeTest" time="94.419" errors="0" timestamp="2022-04-23T15:53:09 IST">
  <testcase classname="comSauceDemoTestClasses.BaseClass2" name="Verifylogin" time="0.031"/>
  <testcase classname="comSauceDemoTestClasses.BaseClass2" name="Addtocart" time="8.349"/>
  <testcase classname="comSauceDemoTestClasses.BaseClass2" name="information" time="14.894"/>
  <testcase classname="comSauceDemoTestClasses.BaseClass2" name="checkout" time="16.835"/>
</testsuite> <!-- chromeTest -->
