<?xml version="1.0" encoding="UTF-8"?>
<!-- Generated by org.testng.reporters.JUnitXMLReporter -->
<testsuite ignored="0" hostname="DESKTOP-7I4U2KQ" failures="0" tests="4" name="firefoxTest" time="89.941" errors="0" timestamp="2022-04-23T15:54:39 IST">
  <testcase classname="comSauceDemoTestClasses.BaseClass2" name="Verifylogin" time="0.006"/>
  <testcase classname="comSauceDemoTestClasses.BaseClass2" name="Addtocart" time="9.072"/>
  <testcase classname="comSauceDemoTestClasses.BaseClass2" name="information" time="15.569"/>
  <testcase classname="comSauceDemoTestClasses.BaseClass2" name="checkout" time="17.516"/>
</testsuite> <!-- firefoxTest -->
